<?xml version="1.0" encoding="UTF-8"?>
<testsuite name="OperationsTest" tests="2" skipped="0" failures="0" errors="0" timestamp="2019-12-03T15:15:32" hostname="recruit-ThinkCentre-M73" time="0.015">
  <properties/>
  <testcase name="add()" classname="OperationsTest" time="0.012"/>
  <testcase name="multiply()" classname="OperationsTest" time="0.001"/>
  <system-out><![CDATA[]]></system-out>
  <system-err><![CDATA[]]></system-err>
</testsuite>
